# JRE version: Java(TM) SE Runtime Environment (8.0_51-b16) (build 1.8.0_51-b16)
# Java VM: Java HotSpot(TM) 64-Bit Server VM (25.51-b03 mixed mode linux-amd64 compressed oops)
Heap:
 PSYoungGen      total 245248K, used 41600K [0x00000000eab00000, 0x00000000fcb80000, 0x0000000100000000)
  eden space 195072K, 0% used [0x00000000eab00000,0x00000000eab00000,0x00000000f6980000)
  from space 50176K, 82% used [0x00000000f6980000,0x00000000f92201b8,0x00000000f9a80000)
  to   space 49664K, 0% used [0x00000000f9b00000,0x00000000f9b00000,0x00000000fcb80000)
 ParOldGen       total 415232K, used 86890K [0x00000000c0000000, 0x00000000d9580000, 0x00000000eab00000)
  object space 415232K, 20% used [0x00000000c0000000,0x00000000c54dab68,0x00000000d9580000)
 Metaspace       used 79913K, capacity 87467K, committed 87572K, reserved 1122304K
  class space    used 12243K, capacity 14604K, committed 14612K, reserved 1048576K
GC Heap History (10 events):
Event: 86,465 GC heap after
Heap after GC invocations=5 (full 2):
 PSYoungGen      total 141824K, used 0K [0x00000000eab00000, 0x00000000f5480000, 0x0000000100000000)
  eden space 131072K, 0% used [0x00000000eab00000,0x00000000eab00000,0x00000000f2b00000)
  from space 10752K, 0% used [0x00000000f2b00000,0x00000000f2b00000,0x00000000f3580000)
  to   space 10752K, 0% used [0x00000000f4a00000,0x00000000f4a00000,0x00000000f5480000)
 ParOldGen       total 253440K, used 36982K [0x00000000c0000000, 0x00000000cf780000, 0x00000000eab00000)
  object space 253440K, 14% used [0x00000000c0000000,0x00000000c241d928,0x00000000cf780000)
 Metaspace       used 32711K, capacity 35338K, committed 35416K, reserved 1081344K
  class space    used 3628K, capacity 4418K, committed 4440K, reserved 1048576K
}
Event: 91,540 GC heap before
{Heap before GC invocations=6 (full 2):
 PSYoungGen      total 141824K, used 131072K [0x00000000eab00000, 0x00000000f5480000, 0x0000000100000000)
  eden space 131072K, 100% used [0x00000000eab00000,0x00000000f2b00000,0x00000000f2b00000)
  from space 10752K, 0% used [0x00000000f2b00000,0x00000000f2b00000,0x00000000f3580000)
  to   space 10752K, 0% used [0x00000000f4a00000,0x00000000f4a00000,0x00000000f5480000)
 ParOldGen       total 253440K, used 36982K [0x00000000c0000000, 0x00000000cf780000, 0x00000000eab00000)
  object space 253440K, 14% used [0x00000000c0000000,0x00000000c241d928,0x00000000cf780000)
 Metaspace       used 51331K, capacity 56633K, committed 56792K, reserved 1097728K
  class space    used 6155K, capacity 7864K, committed 7896K, reserved 1048576K
Event: 91,608 GC heap after
Heap after GC invocations=6 (full 2):
 PSYoungGen      total 162816K, used 10723K [0x00000000eab00000, 0x00000000f5d80000, 0x0000000100000000)
  eden space 152064K, 0% used [0x00000000eab00000,0x00000000eab00000,0x00000000f3f80000)
  from space 10752K, 99% used [0x00000000f4a00000,0x00000000f5478d10,0x00000000f5480000)
  to   space 10752K, 0% used [0x00000000f3f80000,0x00000000f3f80000,0x00000000f4a00000)
 ParOldGen       total 253440K, used 84267K [0x00000000c0000000, 0x00000000cf780000, 0x00000000eab00000)
  object space 253440K, 33% used [0x00000000c0000000,0x00000000c524ad68,0x00000000cf780000)
 Metaspace       used 51331K, capacity 56633K, committed 56792K, reserved 1097728K
  class space    used 6155K, capacity 7864K, committed 7896K, reserved 1048576K
}
Event: 91,735 GC heap before
{Heap before GC invocations=7 (full 2):
 PSYoungGen      total 162816K, used 20715K [0x00000000eab00000, 0x00000000f5d80000, 0x0000000100000000)
  eden space 152064K, 6% used [0x00000000eab00000,0x00000000eb4c2280,0x00000000f3f80000)
  from space 10752K, 99% used [0x00000000f4a00000,0x00000000f5478d10,0x00000000f5480000)
  to   space 10752K, 0% used [0x00000000f3f80000,0x00000000f3f80000,0x00000000f4a00000)
 ParOldGen       total 253440K, used 84267K [0x00000000c0000000, 0x00000000cf780000, 0x00000000eab00000)
  object space 253440K, 33% used [0x00000000c0000000,0x00000000c524ad68,0x00000000cf780000)
 Metaspace       used 53670K, capacity 58937K, committed 59028K, reserved 1099776K
  class space    used 7385K, capacity 9080K, committed 9108K, reserved 1048576K
Event: 91,752 GC heap after
Heap after GC invocations=7 (full 2):
 PSYoungGen      total 162816K, used 10743K [0x00000000eab00000, 0x00000000fd080000, 0x0000000100000000)
  eden space 152064K, 0% used [0x00000000eab00000,0x00000000eab00000,0x00000000f3f80000)
  from space 10752K, 99% used [0x00000000f3f80000,0x00000000f49fdc80,0x00000000f4a00000)
  to   space 54784K, 0% used [0x00000000f9b00000,0x00000000f9b00000,0x00000000fd080000)
 ParOldGen       total 253440K, used 86643K [0x00000000c0000000, 0x00000000cf780000, 0x00000000eab00000)
  object space 253440K, 34% used [0x00000000c0000000,0x00000000c549cf38,0x00000000cf780000)
 Metaspace       used 53670K, capacity 58937K, committed 59028K, reserved 1099776K
  class space    used 7385K, capacity 9080K, committed 9108K, reserved 1048576K
}
Event: 91,752 GC heap before
{Heap before GC invocations=8 (full 3):
 PSYoungGen      total 162816K, used 10743K [0x00000000eab00000, 0x00000000fd080000, 0x0000000100000000)
  eden space 152064K, 0% used [0x00000000eab00000,0x00000000eab00000,0x00000000f3f80000)
  from space 10752K, 99% used [0x00000000f3f80000,0x00000000f49fdc80,0x00000000f4a00000)
  to   space 54784K, 0% used [0x00000000f9b00000,0x00000000f9b00000,0x00000000fd080000)
 ParOldGen       total 253440K, used 86643K [0x00000000c0000000, 0x00000000cf780000, 0x00000000eab00000)
  object space 253440K, 34% used [0x00000000c0000000,0x00000000c549cf38,0x00000000cf780000)
 Metaspace       used 53670K, capacity 58937K, committed 59028K, reserved 1099776K
  class space    used 7385K, capacity 9080K, committed 9108K, reserved 1048576K
Event: 91,998 GC heap after
Heap after GC invocations=8 (full 3):
 PSYoungGen      total 162816K, used 0K [0x00000000eab00000, 0x00000000fd080000, 0x0000000100000000)
  eden space 152064K, 0% used [0x00000000eab00000,0x00000000eab00000,0x00000000f3f80000)
  from space 10752K, 0% used [0x00000000f3f80000,0x00000000f3f80000,0x00000000f4a00000)
  to   space 54784K, 0% used [0x00000000f9b00000,0x00000000f9b00000,0x00000000fd080000)
 ParOldGen       total 415232K, used 86874K [0x00000000c0000000, 0x00000000d9580000, 0x00000000eab00000)
  object space 415232K, 20% used [0x00000000c0000000,0x00000000c54d6b68,0x00000000d9580000)
 Metaspace       used 53629K, capacity 58855K, committed 59028K, reserved 1099776K
  class space    used 7379K, capacity 9074K, committed 9108K, reserved 1048576K
}
Event: 95,218 GC heap before
{Heap before GC invocations=9 (full 3):
 PSYoungGen      total 162816K, used 152064K [0x00000000eab00000, 0x00000000fd080000, 0x0000000100000000)
  eden space 152064K, 100% used [0x00000000eab00000,0x00000000f3f80000,0x00000000f3f80000)
  from space 10752K, 0% used [0x00000000f3f80000,0x00000000f3f80000,0x00000000f4a00000)
  to   space 54784K, 0% used [0x00000000f9b00000,0x00000000f9b00000,0x00000000fd080000)
 ParOldGen       total 415232K, used 86874K [0x00000000c0000000, 0x00000000d9580000, 0x00000000eab00000)
  object space 415232K, 20% used [0x00000000c0000000,0x00000000c54d6b68,0x00000000d9580000)
 Metaspace       used 70975K, capacity 77627K, committed 77844K, reserved 1114112K
  class space    used 10935K, capacity 13024K, committed 13076K, reserved 1048576K
Event: 95,314 GC heap after
Heap after GC invocations=9 (full 3):
 PSYoungGen      total 244736K, used 24925K [0x00000000eab00000, 0x00000000fcb80000, 0x0000000100000000)
  eden space 195072K, 0% used [0x00000000eab00000,0x00000000eab00000,0x00000000f6980000)
  from space 49664K, 50% used [0x00000000f9b00000,0x00000000fb357790,0x00000000fcb80000)
  to   space 50176K, 0% used [0x00000000f6980000,0x00000000f6980000,0x00000000f9a80000)
 ParOldGen       total 415232K, used 86882K [0x00000000c0000000, 0x00000000d9580000, 0x00000000eab00000)
  object space 415232K, 20% used [0x00000000c0000000,0x00000000c54d8b68,0x00000000d9580000)
 Metaspace       used 70975K, capacity 77627K, committed 77844K, reserved 1114112K
  class space    used 10935K, capacity 13024K, committed 13076K, reserved 1048576K
}
Event: 98,914 GC heap before
{Heap before GC invocations=10 (full 3):
 PSYoungGen      total 244736K, used 219997K [0x00000000eab00000, 0x00000000fcb80000, 0x0000000100000000)
  eden space 195072K, 100% used [0x00000000eab00000,0x00000000f6980000,0x00000000f6980000)
  from space 49664K, 50% used [0x00000000f9b00000,0x00000000fb357790,0x00000000fcb80000)
  to   space 50176K, 0% used [0x00000000f6980000,0x00000000f6980000,0x00000000f9a80000)
 ParOldGen       total 415232K, used 86882K [0x00000000c0000000, 0x00000000d9580000, 0x00000000eab00000)
  object space 415232K, 20% used [0x00000000c0000000,0x00000000c54d8b68,0x00000000d9580000)
 Metaspace       used 79913K, capacity 87467K, committed 87572K, reserved 1122304K
  class space    used 12243K, capacity 14604K, committed 14612K, reserved 1048576K

