# JRE version: Java(TM) SE Runtime Environment (8.0_51-b16) (build 1.8.0_51-b16)
# Java VM: Java HotSpot(TM) 64-Bit Server VM (25.51-b03 mixed mode linux-amd64 compressed oops)
Heap:
 PSYoungGen      total 307200K, used 0K [0x00000000eab00000, 0x0000000100000000, 0x0000000100000000)
  eden space 265216K, 0% used [0x00000000eab00000,0x00000000eab00000,0x00000000fae00000)
  from space 41984K, 0% used [0x00000000fae00000,0x00000000fae00000,0x00000000fd700000)
  to   space 40960K, 0% used [0x00000000fd800000,0x00000000fd800000,0x0000000100000000)
 ParOldGen       total 336384K, used 293957K [0x00000000c0000000, 0x00000000d4880000, 0x00000000eab00000)
  object space 336384K, 87% used [0x00000000c0000000,0x00000000d1f11470,0x00000000d4880000)
 Metaspace       used 89197K, capacity 98273K, committed 98324K, reserved 1132544K
  class space    used 12321K, capacity 15079K, committed 15124K, reserved 1048576K
GC Heap History (10 events):
Event: 181,704 GC heap after
Heap after GC invocations=152 (full 3):
 PSYoungGen      total 310784K, used 24164K [0x00000000eab00000, 0x0000000100000000, 0x0000000100000000)
  eden space 272384K, 0% used [0x00000000eab00000,0x00000000eab00000,0x00000000fb500000)
  from space 38400K, 62% used [0x00000000fb500000,0x00000000fcc99378,0x00000000fda80000)
  to   space 38400K, 0% used [0x00000000fda80000,0x00000000fda80000,0x0000000100000000)
 ParOldGen       total 336384K, used 299262K [0x00000000c0000000, 0x00000000d4880000, 0x00000000eab00000)
  object space 336384K, 88% used [0x00000000c0000000,0x00000000d243f808,0x00000000d4880000)
 Metaspace       used 86942K, capacity 96097K, committed 96276K, reserved 1130496K
  class space    used 12056K, capacity 14802K, committed 14868K, reserved 1048576K
}
Event: 182,931 GC heap before
{Heap before GC invocations=153 (full 3):
 PSYoungGen      total 310784K, used 296548K [0x00000000eab00000, 0x0000000100000000, 0x0000000100000000)
  eden space 272384K, 100% used [0x00000000eab00000,0x00000000fb500000,0x00000000fb500000)
  from space 38400K, 62% used [0x00000000fb500000,0x00000000fcc99378,0x00000000fda80000)
  to   space 38400K, 0% used [0x00000000fda80000,0x00000000fda80000,0x0000000100000000)
 ParOldGen       total 336384K, used 299262K [0x00000000c0000000, 0x00000000d4880000, 0x00000000eab00000)
  object space 336384K, 88% used [0x00000000c0000000,0x00000000d243f808,0x00000000d4880000)
 Metaspace       used 87007K, capacity 96109K, committed 96276K, reserved 1130496K
  class space    used 12062K, capacity 14804K, committed 14868K, reserved 1048576K
Event: 182,965 GC heap after
Heap after GC invocations=153 (full 3):
 PSYoungGen      total 307712K, used 18726K [0x00000000eab00000, 0x00000000ffd00000, 0x0000000100000000)
  eden space 272384K, 0% used [0x00000000eab00000,0x00000000eab00000,0x00000000fb500000)
  from space 35328K, 53% used [0x00000000fda80000,0x00000000fecc9bd0,0x00000000ffd00000)
  to   space 36864K, 0% used [0x00000000fb500000,0x00000000fb500000,0x00000000fd900000)
 ParOldGen       total 336384K, used 299318K [0x00000000c0000000, 0x00000000d4880000, 0x00000000eab00000)
  object space 336384K, 88% used [0x00000000c0000000,0x00000000d244d808,0x00000000d4880000)
 Metaspace       used 87007K, capacity 96109K, committed 96276K, reserved 1130496K
  class space    used 12062K, capacity 14804K, committed 14868K, reserved 1048576K
}
Event: 183,950 GC heap before
{Heap before GC invocations=154 (full 3):
 PSYoungGen      total 307712K, used 291110K [0x00000000eab00000, 0x00000000ffd00000, 0x0000000100000000)
  eden space 272384K, 100% used [0x00000000eab00000,0x00000000fb500000,0x00000000fb500000)
  from space 35328K, 53% used [0x00000000fda80000,0x00000000fecc9bd0,0x00000000ffd00000)
  to   space 36864K, 0% used [0x00000000fb500000,0x00000000fb500000,0x00000000fd900000)
 ParOldGen       total 336384K, used 299318K [0x00000000c0000000, 0x00000000d4880000, 0x00000000eab00000)
  object space 336384K, 88% used [0x00000000c0000000,0x00000000d244d808,0x00000000d4880000)
 Metaspace       used 87007K, capacity 96109K, committed 96276K, reserved 1130496K
  class space    used 12062K, capacity 14804K, committed 14868K, reserved 1048576K
Event: 183,982 GC heap after
Heap after GC invocations=154 (full 3):
 PSYoungGen      total 309248K, used 20401K [0x00000000eab00000, 0x00000000ffe80000, 0x0000000100000000)
  eden space 272384K, 0% used [0x00000000eab00000,0x00000000eab00000,0x00000000fb500000)
  from space 36864K, 55% used [0x00000000fb500000,0x00000000fc8ec448,0x00000000fd900000)
  to   space 35328K, 0% used [0x00000000fdc00000,0x00000000fdc00000,0x00000000ffe80000)
 ParOldGen       total 336384K, used 299318K [0x00000000c0000000, 0x00000000d4880000, 0x00000000eab00000)
  object space 336384K, 88% used [0x00000000c0000000,0x00000000d244d808,0x00000000d4880000)
 Metaspace       used 87007K, capacity 96109K, committed 96276K, reserved 1130496K
  class space    used 12062K, capacity 14804K, committed 14868K, reserved 1048576K
}
Event: 184,774 GC heap before
{Heap before GC invocations=155 (full 3):
 PSYoungGen      total 309248K, used 292785K [0x00000000eab00000, 0x00000000ffe80000, 0x0000000100000000)
  eden space 272384K, 100% used [0x00000000eab00000,0x00000000fb500000,0x00000000fb500000)
  from space 36864K, 55% used [0x00000000fb500000,0x00000000fc8ec448,0x00000000fd900000)
  to   space 35328K, 0% used [0x00000000fdc00000,0x00000000fdc00000,0x00000000ffe80000)
 ParOldGen       total 336384K, used 299318K [0x00000000c0000000, 0x00000000d4880000, 0x00000000eab00000)
  object space 336384K, 88% used [0x00000000c0000000,0x00000000d244d808,0x00000000d4880000)
 Metaspace       used 87011K, capacity 96109K, committed 96276K, reserved 1130496K
  class space    used 12062K, capacity 14804K, committed 14868K, reserved 1048576K
Event: 184,838 GC heap after
Heap after GC invocations=155 (full 3):
 PSYoungGen      total 300544K, used 35315K [0x00000000eab00000, 0x0000000100000000, 0x0000000100000000)
  eden space 265216K, 0% used [0x00000000eab00000,0x00000000eab00000,0x00000000fae00000)
  from space 35328K, 99% used [0x00000000fdc00000,0x00000000ffe7ce38,0x00000000ffe80000)
  to   space 41984K, 0% used [0x00000000fae00000,0x00000000fae00000,0x00000000fd700000)
 ParOldGen       total 336384K, used 305518K [0x00000000c0000000, 0x00000000d4880000, 0x00000000eab00000)
  object space 336384K, 90% used [0x00000000c0000000,0x00000000d2a5b880,0x00000000d4880000)
 Metaspace       used 87011K, capacity 96109K, committed 96276K, reserved 1130496K
  class space    used 12062K, capacity 14804K, committed 14868K, reserved 1048576K
}
Event: 186,294 GC heap before
{Heap before GC invocations=156 (full 3):
 PSYoungGen      total 300544K, used 169450K [0x00000000eab00000, 0x0000000100000000, 0x0000000100000000)
  eden space 265216K, 50% used [0x00000000eab00000,0x00000000f2dfdd68,0x00000000fae00000)
  from space 35328K, 99% used [0x00000000fdc00000,0x00000000ffe7ce38,0x00000000ffe80000)
  to   space 41984K, 0% used [0x00000000fae00000,0x00000000fae00000,0x00000000fd700000)
 ParOldGen       total 336384K, used 305518K [0x00000000c0000000, 0x00000000d4880000, 0x00000000eab00000)
  object space 336384K, 90% used [0x00000000c0000000,0x00000000d2a5b880,0x00000000d4880000)
 Metaspace       used 89197K, capacity 98273K, committed 98324K, reserved 1132544K
  class space    used 12321K, capacity 15079K, committed 15124K, reserved 1048576K
Event: 186,346 GC heap after
Heap after GC invocations=156 (full 3):
 PSYoungGen      total 307200K, used 17426K [0x00000000eab00000, 0x0000000100000000, 0x0000000100000000)
  eden space 265216K, 0% used [0x00000000eab00000,0x00000000eab00000,0x00000000fae00000)
  from space 41984K, 41% used [0x00000000fae00000,0x00000000fbf04b08,0x00000000fd700000)
  to   space 40960K, 0% used [0x00000000fd800000,0x00000000fd800000,0x0000000100000000)
 ParOldGen       total 336384K, used 312785K [0x00000000c0000000, 0x00000000d4880000, 0x00000000eab00000)
  object space 336384K, 92% used [0x00000000c0000000,0x00000000d31745e8,0x00000000d4880000)
 Metaspace       used 89197K, capacity 98273K, committed 98324K, reserved 1132544K
  class space    used 12321K, capacity 15079K, committed 15124K, reserved 1048576K
}
Event: 186,346 GC heap before
{Heap before GC invocations=157 (full 4):
 PSYoungGen      total 307200K, used 17426K [0x00000000eab00000, 0x0000000100000000, 0x0000000100000000)
  eden space 265216K, 0% used [0x00000000eab00000,0x00000000eab00000,0x00000000fae00000)
  from space 41984K, 41% used [0x00000000fae00000,0x00000000fbf04b08,0x00000000fd700000)
  to   space 40960K, 0% used [0x00000000fd800000,0x00000000fd800000,0x0000000100000000)
 ParOldGen       total 336384K, used 312785K [0x00000000c0000000, 0x00000000d4880000, 0x00000000eab00000)
  object space 336384K, 92% used [0x00000000c0000000,0x00000000d31745e8,0x00000000d4880000)
 Metaspace       used 89197K, capacity 98273K, committed 98324K, reserved 1132544K
  class space    used 12321K, capacity 15079K, committed 15124K, reserved 1048576K

