# JRE version: Java(TM) SE Runtime Environment (8.0_51-b16) (build 1.8.0_51-b16)
# Java VM: Java HotSpot(TM) 64-Bit Server VM (25.51-b03 mixed mode linux-amd64 compressed oops)
Heap:
 PSYoungGen      total 303104K, used 0K [0x00000000eab00000, 0x0000000100000000, 0x0000000100000000)
  eden space 257024K, 0% used [0x00000000eab00000,0x00000000eab00000,0x00000000fa600000)
  from space 46080K, 0% used [0x00000000fa600000,0x00000000fa600000,0x00000000fd300000)
  to   space 45056K, 0% used [0x00000000fd400000,0x00000000fd400000,0x0000000100000000)
 ParOldGen       total 325632K, used 265580K [0x00000000c0000000, 0x00000000d3e00000, 0x00000000eab00000)
  object space 325632K, 81% used [0x00000000c0000000,0x00000000d035b188,0x00000000d3e00000)
 Metaspace       used 85598K, capacity 94247K, committed 94612K, reserved 1128448K
  class space    used 11979K, capacity 14625K, committed 14740K, reserved 1048576K
GC Heap History (10 events):
Event: 115,838 GC heap after
Heap after GC invocations=120 (full 3):
 PSYoungGen      total 298496K, used 30004K [0x00000000eab00000, 0x0000000100000000, 0x0000000100000000)
  eden space 268288K, 0% used [0x00000000eab00000,0x00000000eab00000,0x00000000fb100000)
  from space 30208K, 99% used [0x00000000fb100000,0x00000000fce4d0a8,0x00000000fce80000)
  to   space 42496K, 0% used [0x00000000fd680000,0x00000000fd680000,0x0000000100000000)
 ParOldGen       total 325632K, used 308159K [0x00000000c0000000, 0x00000000d3e00000, 0x00000000eab00000)
  object space 325632K, 94% used [0x00000000c0000000,0x00000000d2cefc48,0x00000000d3e00000)
 Metaspace       used 85235K, capacity 93819K, committed 93972K, reserved 1128448K
  class space    used 11964K, capacity 14585K, committed 14612K, reserved 1048576K
}
Event: 116,643 GC heap before
{Heap before GC invocations=121 (full 3):
 PSYoungGen      total 298496K, used 298292K [0x00000000eab00000, 0x0000000100000000, 0x0000000100000000)
  eden space 268288K, 100% used [0x00000000eab00000,0x00000000fb100000,0x00000000fb100000)
  from space 30208K, 99% used [0x00000000fb100000,0x00000000fce4d0a8,0x00000000fce80000)
  to   space 42496K, 0% used [0x00000000fd680000,0x00000000fd680000,0x0000000100000000)
 ParOldGen       total 325632K, used 308159K [0x00000000c0000000, 0x00000000d3e00000, 0x00000000eab00000)
  object space 325632K, 94% used [0x00000000c0000000,0x00000000d2cefc48,0x00000000d3e00000)
 Metaspace       used 85237K, capacity 93819K, committed 93972K, reserved 1128448K
  class space    used 11964K, capacity 14585K, committed 14612K, reserved 1048576K
Event: 116,659 GC heap after
Heap after GC invocations=121 (full 3):
 PSYoungGen      total 308224K, used 9915K [0x00000000eab00000, 0x0000000100000000, 0x0000000100000000)
  eden space 265728K, 0% used [0x00000000eab00000,0x00000000eab00000,0x00000000fae80000)
  from space 42496K, 23% used [0x00000000fd680000,0x00000000fe02ee48,0x0000000100000000)
  to   space 40960K, 0% used [0x00000000fae80000,0x00000000fae80000,0x00000000fd680000)
 ParOldGen       total 325632K, used 308159K [0x00000000c0000000, 0x00000000d3e00000, 0x00000000eab00000)
  object space 325632K, 94% used [0x00000000c0000000,0x00000000d2cefc48,0x00000000d3e00000)
 Metaspace       used 85237K, capacity 93819K, committed 93972K, reserved 1128448K
  class space    used 11964K, capacity 14585K, committed 14612K, reserved 1048576K
}
Event: 117,259 GC heap before
{Heap before GC invocations=122 (full 3):
 PSYoungGen      total 308224K, used 275643K [0x00000000eab00000, 0x0000000100000000, 0x0000000100000000)
  eden space 265728K, 100% used [0x00000000eab00000,0x00000000fae80000,0x00000000fae80000)
  from space 42496K, 23% used [0x00000000fd680000,0x00000000fe02ee48,0x0000000100000000)
  to   space 40960K, 0% used [0x00000000fae80000,0x00000000fae80000,0x00000000fd680000)
 ParOldGen       total 325632K, used 308159K [0x00000000c0000000, 0x00000000d3e00000, 0x00000000eab00000)
  object space 325632K, 94% used [0x00000000c0000000,0x00000000d2cefc48,0x00000000d3e00000)
 Metaspace       used 85237K, capacity 93819K, committed 93972K, reserved 1128448K
  class space    used 11964K, capacity 14585K, committed 14612K, reserved 1048576K
Event: 117,272 GC heap after
Heap after GC invocations=122 (full 3):
 PSYoungGen      total 276992K, used 11099K [0x00000000eab00000, 0x00000000ffa80000, 0x0000000100000000)
  eden space 265728K, 0% used [0x00000000eab00000,0x00000000eab00000,0x00000000fae80000)
  from space 11264K, 98% used [0x00000000fae80000,0x00000000fb956e48,0x00000000fb980000)
  to   space 38912K, 0% used [0x00000000fd480000,0x00000000fd480000,0x00000000ffa80000)
 ParOldGen       total 325632K, used 308159K [0x00000000c0000000, 0x00000000d3e00000, 0x00000000eab00000)
  object space 325632K, 94% used [0x00000000c0000000,0x00000000d2cefc48,0x00000000d3e00000)
 Metaspace       used 85237K, capacity 93819K, committed 93972K, reserved 1128448K
  class space    used 11964K, capacity 14585K, committed 14612K, reserved 1048576K
}
Event: 118,106 GC heap before
{Heap before GC invocations=123 (full 3):
 PSYoungGen      total 276992K, used 276827K [0x00000000eab00000, 0x00000000ffa80000, 0x0000000100000000)
  eden space 265728K, 100% used [0x00000000eab00000,0x00000000fae80000,0x00000000fae80000)
  from space 11264K, 98% used [0x00000000fae80000,0x00000000fb956e48,0x00000000fb980000)
  to   space 38912K, 0% used [0x00000000fd480000,0x00000000fd480000,0x00000000ffa80000)
 ParOldGen       total 325632K, used 308159K [0x00000000c0000000, 0x00000000d3e00000, 0x00000000eab00000)
  object space 325632K, 94% used [0x00000000c0000000,0x00000000d2cefc48,0x00000000d3e00000)
 Metaspace       used 85242K, capacity 93819K, committed 93972K, reserved 1128448K
  class space    used 11964K, capacity 14585K, committed 14612K, reserved 1048576K
Event: 118,164 GC heap after
Heap after GC invocations=123 (full 3):
 PSYoungGen      total 295936K, used 38887K [0x00000000eab00000, 0x0000000100000000, 0x0000000100000000)
  eden space 257024K, 0% used [0x00000000eab00000,0x00000000eab00000,0x00000000fa600000)
  from space 38912K, 99% used [0x00000000fd480000,0x00000000ffa79c08,0x00000000ffa80000)
  to   space 46080K, 0% used [0x00000000fa600000,0x00000000fa600000,0x00000000fd300000)
 ParOldGen       total 325632K, used 310324K [0x00000000c0000000, 0x00000000d3e00000, 0x00000000eab00000)
  object space 325632K, 95% used [0x00000000c0000000,0x00000000d2f0d2b8,0x00000000d3e00000)
 Metaspace       used 85242K, capacity 93819K, committed 93972K, reserved 1128448K
  class space    used 11964K, capacity 14585K, committed 14612K, reserved 1048576K
}
Event: 119,150 GC heap before
{Heap before GC invocations=124 (full 3):
 PSYoungGen      total 295936K, used 295911K [0x00000000eab00000, 0x0000000100000000, 0x0000000100000000)
  eden space 257024K, 100% used [0x00000000eab00000,0x00000000fa600000,0x00000000fa600000)
  from space 38912K, 99% used [0x00000000fd480000,0x00000000ffa79c08,0x00000000ffa80000)
  to   space 46080K, 0% used [0x00000000fa600000,0x00000000fa600000,0x00000000fd300000)
 ParOldGen       total 325632K, used 310324K [0x00000000c0000000, 0x00000000d3e00000, 0x00000000eab00000)
  object space 325632K, 95% used [0x00000000c0000000,0x00000000d2f0d2b8,0x00000000d3e00000)
 Metaspace       used 85598K, capacity 94247K, committed 94612K, reserved 1128448K
  class space    used 11979K, capacity 14625K, committed 14740K, reserved 1048576K
Event: 119,167 GC heap after
Heap after GC invocations=124 (full 3):
 PSYoungGen      total 303104K, used 6787K [0x00000000eab00000, 0x0000000100000000, 0x0000000100000000)
  eden space 257024K, 0% used [0x00000000eab00000,0x00000000eab00000,0x00000000fa600000)
  from space 46080K, 14% used [0x00000000fa600000,0x00000000faca0f80,0x00000000fd300000)
  to   space 45056K, 0% used [0x00000000fd400000,0x00000000fd400000,0x0000000100000000)
 ParOldGen       total 325632K, used 317421K [0x00000000c0000000, 0x00000000d3e00000, 0x00000000eab00000)
  object space 325632K, 97% used [0x00000000c0000000,0x00000000d35fb690,0x00000000d3e00000)
 Metaspace       used 85598K, capacity 94247K, committed 94612K, reserved 1128448K
  class space    used 11979K, capacity 14625K, committed 14740K, reserved 1048576K
}
Event: 119,168 GC heap before
{Heap before GC invocations=125 (full 4):
 PSYoungGen      total 303104K, used 6787K [0x00000000eab00000, 0x0000000100000000, 0x0000000100000000)
  eden space 257024K, 0% used [0x00000000eab00000,0x00000000eab00000,0x00000000fa600000)
  from space 46080K, 14% used [0x00000000fa600000,0x00000000faca0f80,0x00000000fd300000)
  to   space 45056K, 0% used [0x00000000fd400000,0x00000000fd400000,0x0000000100000000)
 ParOldGen       total 325632K, used 317421K [0x00000000c0000000, 0x00000000d3e00000, 0x00000000eab00000)
  object space 325632K, 97% used [0x00000000c0000000,0x00000000d35fb690,0x00000000d3e00000)
 Metaspace       used 85598K, capacity 94247K, committed 94612K, reserved 1128448K
  class space    used 11979K, capacity 14625K, committed 14740K, reserved 1048576K

