# JRE version: Java(TM) SE Runtime Environment (8.0_51-b16) (build 1.8.0_51-b16)
# Java VM: Java HotSpot(TM) 64-Bit Server VM (25.51-b03 mixed mode linux-amd64 compressed oops)
Heap:
 PSYoungGen      total 176128K, used 10732K [0x00000000eab00000, 0x00000000f6500000, 0x0000000100000000)
  eden space 165376K, 0% used [0x00000000eab00000,0x00000000eab00000,0x00000000f4c80000)
  from space 10752K, 99% used [0x00000000f4c80000,0x00000000f56fb1d0,0x00000000f5700000)
  to   space 10752K, 0% used [0x00000000f5700000,0x00000000f5700000,0x00000000f6180000)
 ParOldGen       total 234496K, used 86888K [0x00000000c0000000, 0x00000000ce500000, 0x00000000eab00000)
  object space 234496K, 37% used [0x00000000c0000000,0x00000000c54da000,0x00000000ce500000)
 Metaspace       used 53656K, capacity 58937K, committed 59028K, reserved 1099776K
  class space    used 7376K, capacity 9080K, committed 9108K, reserved 1048576K
GC Heap History (10 events):
Event: 3,903 GC heap after
Heap after GC invocations=2 (full 0):
 PSYoungGen      total 141824K, used 10722K [0x00000000eab00000, 0x00000000f4000000, 0x0000000100000000)
  eden space 131072K, 0% used [0x00000000eab00000,0x00000000eab00000,0x00000000f2b00000)
  from space 10752K, 99% used [0x00000000f3580000,0x00000000f3ff8890,0x00000000f4000000)
  to   space 10752K, 0% used [0x00000000f2b00000,0x00000000f2b00000,0x00000000f3580000)
 ParOldGen       total 175104K, used 18930K [0x00000000c0000000, 0x00000000cab00000, 0x00000000eab00000)
  object space 175104K, 10% used [0x00000000c0000000,0x00000000c127c850,0x00000000cab00000)
 Metaspace       used 19454K, capacity 21128K, committed 21248K, reserved 1069056K
  class space    used 1983K, capacity 2491K, committed 2560K, reserved 1048576K
}
Event: 3,904 GC heap before
{Heap before GC invocations=3 (full 1):
 PSYoungGen      total 141824K, used 10722K [0x00000000eab00000, 0x00000000f4000000, 0x0000000100000000)
  eden space 131072K, 0% used [0x00000000eab00000,0x00000000eab00000,0x00000000f2b00000)
  from space 10752K, 99% used [0x00000000f3580000,0x00000000f3ff8890,0x00000000f4000000)
  to   space 10752K, 0% used [0x00000000f2b00000,0x00000000f2b00000,0x00000000f3580000)
 ParOldGen       total 175104K, used 18930K [0x00000000c0000000, 0x00000000cab00000, 0x00000000eab00000)
  object space 175104K, 10% used [0x00000000c0000000,0x00000000c127c850,0x00000000cab00000)
 Metaspace       used 19454K, capacity 21128K, committed 21248K, reserved 1069056K
  class space    used 1983K, capacity 2491K, committed 2560K, reserved 1048576K
Event: 4,116 GC heap after
Heap after GC invocations=3 (full 1):
 PSYoungGen      total 141824K, used 0K [0x00000000eab00000, 0x00000000f4000000, 0x0000000100000000)
  eden space 131072K, 0% used [0x00000000eab00000,0x00000000eab00000,0x00000000f2b00000)
  from space 10752K, 0% used [0x00000000f3580000,0x00000000f3580000,0x00000000f4000000)
  to   space 10752K, 0% used [0x00000000f2b00000,0x00000000f2b00000,0x00000000f3580000)
 ParOldGen       total 175104K, used 26038K [0x00000000c0000000, 0x00000000cab00000, 0x00000000eab00000)
  object space 175104K, 14% used [0x00000000c0000000,0x00000000c196d930,0x00000000cab00000)
 Metaspace       used 19454K, capacity 21128K, committed 21248K, reserved 1069056K
  class space    used 1983K, capacity 2491K, committed 2560K, reserved 1048576K
}
Event: 17,534 GC heap before
{Heap before GC invocations=4 (full 1):
 PSYoungGen      total 141824K, used 67637K [0x00000000eab00000, 0x00000000f4000000, 0x0000000100000000)
  eden space 131072K, 51% used [0x00000000eab00000,0x00000000eed0d7a0,0x00000000f2b00000)
  from space 10752K, 0% used [0x00000000f3580000,0x00000000f3580000,0x00000000f4000000)
  to   space 10752K, 0% used [0x00000000f2b00000,0x00000000f2b00000,0x00000000f3580000)
 ParOldGen       total 175104K, used 26038K [0x00000000c0000000, 0x00000000cab00000, 0x00000000eab00000)
  object space 175104K, 14% used [0x00000000c0000000,0x00000000c196d930,0x00000000cab00000)
 Metaspace       used 32692K, capacity 35338K, committed 35416K, reserved 1081344K
  class space    used 3625K, capacity 4418K, committed 4440K, reserved 1048576K
Event: 17,572 GC heap after
Heap after GC invocations=4 (full 1):
 PSYoungGen      total 141824K, used 10721K [0x00000000eab00000, 0x00000000f6180000, 0x0000000100000000)
  eden space 131072K, 0% used [0x00000000eab00000,0x00000000eab00000,0x00000000f2b00000)
  from space 10752K, 99% used [0x00000000f2b00000,0x00000000f3578548,0x00000000f3580000)
  to   space 10752K, 0% used [0x00000000f5700000,0x00000000f5700000,0x00000000f6180000)
 ParOldGen       total 175104K, used 33891K [0x00000000c0000000, 0x00000000cab00000, 0x00000000eab00000)
  object space 175104K, 19% used [0x00000000c0000000,0x00000000c2118fb0,0x00000000cab00000)
 Metaspace       used 32692K, capacity 35338K, committed 35416K, reserved 1081344K
  class space    used 3625K, capacity 4418K, committed 4440K, reserved 1048576K
}
Event: 17,572 GC heap before
{Heap before GC invocations=5 (full 2):
 PSYoungGen      total 141824K, used 10721K [0x00000000eab00000, 0x00000000f6180000, 0x0000000100000000)
  eden space 131072K, 0% used [0x00000000eab00000,0x00000000eab00000,0x00000000f2b00000)
  from space 10752K, 99% used [0x00000000f2b00000,0x00000000f3578548,0x00000000f3580000)
  to   space 10752K, 0% used [0x00000000f5700000,0x00000000f5700000,0x00000000f6180000)
 ParOldGen       total 175104K, used 33891K [0x00000000c0000000, 0x00000000cab00000, 0x00000000eab00000)
  object space 175104K, 19% used [0x00000000c0000000,0x00000000c2118fb0,0x00000000cab00000)
 Metaspace       used 32692K, capacity 35338K, committed 35416K, reserved 1081344K
  class space    used 3625K, capacity 4418K, committed 4440K, reserved 1048576K
Event: 17,819 GC heap after
Heap after GC invocations=5 (full 2):
 PSYoungGen      total 141824K, used 0K [0x00000000eab00000, 0x00000000f6180000, 0x0000000100000000)
  eden space 131072K, 0% used [0x00000000eab00000,0x00000000eab00000,0x00000000f2b00000)
  from space 10752K, 0% used [0x00000000f2b00000,0x00000000f2b00000,0x00000000f3580000)
  to   space 10752K, 0% used [0x00000000f5700000,0x00000000f5700000,0x00000000f6180000)
 ParOldGen       total 234496K, used 37511K [0x00000000c0000000, 0x00000000ce500000, 0x00000000eab00000)
  object space 234496K, 15% used [0x00000000c0000000,0x00000000c24a1d48,0x00000000ce500000)
 Metaspace       used 32692K, capacity 35338K, committed 35416K, reserved 1081344K
  class space    used 3625K, capacity 4418K, committed 4440K, reserved 1048576K
}
Event: 79,723 GC heap before
{Heap before GC invocations=6 (full 2):
 PSYoungGen      total 141824K, used 122900K [0x00000000eab00000, 0x00000000f6180000, 0x0000000100000000)
  eden space 131072K, 93% used [0x00000000eab00000,0x00000000f2305300,0x00000000f2b00000)
  from space 10752K, 0% used [0x00000000f2b00000,0x00000000f2b00000,0x00000000f3580000)
  to   space 10752K, 0% used [0x00000000f5700000,0x00000000f5700000,0x00000000f6180000)
 ParOldGen       total 234496K, used 37511K [0x00000000c0000000, 0x00000000ce500000, 0x00000000eab00000)
  object space 234496K, 15% used [0x00000000c0000000,0x00000000c24a1d48,0x00000000ce500000)
 Metaspace       used 49173K, capacity 54410K, committed 54616K, reserved 1095680K
  class space    used 5788K, capacity 7483K, committed 7512K, reserved 1048576K
Event: 79,772 GC heap after
Heap after GC invocations=6 (full 2):
 PSYoungGen      total 176128K, used 10732K [0x00000000eab00000, 0x00000000f6500000, 0x0000000100000000)
  eden space 165376K, 0% used [0x00000000eab00000,0x00000000eab00000,0x00000000f4c80000)
  from space 10752K, 99% used [0x00000000f5700000,0x00000000f617b1d0,0x00000000f6180000)
  to   space 10752K, 0% used [0x00000000f4c80000,0x00000000f4c80000,0x00000000f5700000)
 ParOldGen       total 234496K, used 75987K [0x00000000c0000000, 0x00000000ce500000, 0x00000000eab00000)
  object space 234496K, 32% used [0x00000000c0000000,0x00000000c4a34f18,0x00000000ce500000)
 Metaspace       used 49173K, capacity 54410K, committed 54616K, reserved 1095680K
  class space    used 5788K, capacity 7483K, committed 7512K, reserved 1048576K
}
Event: 83,175 GC heap before
{Heap before GC invocations=7 (full 2):
 PSYoungGen      total 176128K, used 35267K [0x00000000eab00000, 0x00000000f6500000, 0x0000000100000000)
  eden space 165376K, 14% used [0x00000000eab00000,0x00000000ec2f5b98,0x00000000f4c80000)
  from space 10752K, 99% used [0x00000000f5700000,0x00000000f617b1d0,0x00000000f6180000)
  to   space 10752K, 0% used [0x00000000f4c80000,0x00000000f4c80000,0x00000000f5700000)
 ParOldGen       total 234496K, used 75987K [0x00000000c0000000, 0x00000000ce500000, 0x00000000eab00000)
  object space 234496K, 32% used [0x00000000c0000000,0x00000000c4a34f18,0x00000000ce500000)
 Metaspace       used 53656K, capacity 58937K, committed 59028K, reserved 1099776K
  class space    used 7376K, capacity 9080K, committed 9108K, reserved 1048576K

