# JRE version: Java(TM) SE Runtime Environment (8.0_51-b16) (build 1.8.0_51-b16)
# Java VM: Java HotSpot(TM) 64-Bit Server VM (25.51-b03 mixed mode linux-amd64 compressed oops)
Heap:
 PSYoungGen      total 652288K, used 0K [0x00000000d5580000, 0x0000000100000000, 0x0000000100000000)
  eden space 605696K, 0% used [0x00000000d5580000,0x00000000d5580000,0x00000000fa500000)
  from space 46592K, 0% used [0x00000000fa500000,0x00000000fa500000,0x00000000fd280000)
  to   space 46592K, 0% used [0x00000000fd280000,0x00000000fd280000,0x0000000100000000)
 ParOldGen       total 957440K, used 588874K [0x0000000080000000, 0x00000000ba700000, 0x00000000d5580000)
  object space 957440K, 61% used [0x0000000080000000,0x00000000a3f12910,0x00000000ba700000)
 Metaspace       used 119833K, capacity 130302K, committed 131416K, reserved 1161216K
  class space    used 16031K, capacity 19039K, committed 19328K, reserved 1048576K
GC Heap History (10 events):
Event: 25679,442 GC heap after
Heap after GC invocations=1392 (full 353):
 PSYoungGen      total 652288K, used 46304K [0x00000000d5580000, 0x0000000100000000, 0x0000000100000000)
  eden space 605696K, 0% used [0x00000000d5580000,0x00000000d5580000,0x00000000fa500000)
  from space 46592K, 99% used [0x00000000fa500000,0x00000000fd238000,0x00000000fd280000)
  to   space 46592K, 0% used [0x00000000fd280000,0x00000000fd280000,0x0000000100000000)
 ParOldGen       total 957440K, used 942295K [0x0000000080000000, 0x00000000ba700000, 0x00000000d5580000)
  object space 957440K, 98% used [0x0000000080000000,0x00000000b9835e10,0x00000000ba700000)
 Metaspace       used 119844K, capacity 130338K, committed 131416K, reserved 1161216K
  class space    used 16034K, capacity 19045K, committed 19328K, reserved 1048576K
}
Event: 25680,974 GC heap before
{Heap before GC invocations=1393 (full 353):
 PSYoungGen      total 652288K, used 652000K [0x00000000d5580000, 0x0000000100000000, 0x0000000100000000)
  eden space 605696K, 100% used [0x00000000d5580000,0x00000000fa500000,0x00000000fa500000)
  from space 46592K, 99% used [0x00000000fa500000,0x00000000fd238000,0x00000000fd280000)
  to   space 46592K, 0% used [0x00000000fd280000,0x00000000fd280000,0x0000000100000000)
 ParOldGen       total 957440K, used 942295K [0x0000000080000000, 0x00000000ba700000, 0x00000000d5580000)
  object space 957440K, 98% used [0x0000000080000000,0x00000000b9835e10,0x00000000ba700000)
 Metaspace       used 119844K, capacity 130338K, committed 131416K, reserved 1161216K
  class space    used 16034K, capacity 19045K, committed 19328K, reserved 1048576K
Event: 25681,036 GC heap after
Heap after GC invocations=1393 (full 353):
 PSYoungGen      total 652288K, used 46304K [0x00000000d5580000, 0x0000000100000000, 0x0000000100000000)
  eden space 605696K, 0% used [0x00000000d5580000,0x00000000d5580000,0x00000000fa500000)
  from space 46592K, 99% used [0x00000000fd280000,0x00000000fffb8000,0x0000000100000000)
  to   space 46592K, 0% used [0x00000000fa500000,0x00000000fa500000,0x00000000fd280000)
 ParOldGen       total 957440K, used 945391K [0x0000000080000000, 0x00000000ba700000, 0x00000000d5580000)
  object space 957440K, 98% used [0x0000000080000000,0x00000000b9b3be10,0x00000000ba700000)
 Metaspace       used 119844K, capacity 130338K, committed 131416K, reserved 1161216K
  class space    used 16034K, capacity 19045K, committed 19328K, reserved 1048576K
}
Event: 25682,550 GC heap before
{Heap before GC invocations=1394 (full 353):
 PSYoungGen      total 652288K, used 652000K [0x00000000d5580000, 0x0000000100000000, 0x0000000100000000)
  eden space 605696K, 100% used [0x00000000d5580000,0x00000000fa500000,0x00000000fa500000)
  from space 46592K, 99% used [0x00000000fd280000,0x00000000fffb8000,0x0000000100000000)
  to   space 46592K, 0% used [0x00000000fa500000,0x00000000fa500000,0x00000000fd280000)
 ParOldGen       total 957440K, used 945391K [0x0000000080000000, 0x00000000ba700000, 0x00000000d5580000)
  object space 957440K, 98% used [0x0000000080000000,0x00000000b9b3be10,0x00000000ba700000)
 Metaspace       used 119844K, capacity 130338K, committed 131416K, reserved 1161216K
  class space    used 16034K, capacity 19045K, committed 19328K, reserved 1048576K
Event: 25682,611 GC heap after
Heap after GC invocations=1394 (full 353):
 PSYoungGen      total 652288K, used 46272K [0x00000000d5580000, 0x0000000100000000, 0x0000000100000000)
  eden space 605696K, 0% used [0x00000000d5580000,0x00000000d5580000,0x00000000fa500000)
  from space 46592K, 99% used [0x00000000fa500000,0x00000000fd230000,0x00000000fd280000)
  to   space 46592K, 0% used [0x00000000fd280000,0x00000000fd280000,0x0000000100000000)
 ParOldGen       total 957440K, used 948495K [0x0000000080000000, 0x00000000ba700000, 0x00000000d5580000)
  object space 957440K, 99% used [0x0000000080000000,0x00000000b9e43e10,0x00000000ba700000)
 Metaspace       used 119844K, capacity 130338K, committed 131416K, reserved 1161216K
  class space    used 16034K, capacity 19045K, committed 19328K, reserved 1048576K
}
Event: 25684,089 GC heap before
{Heap before GC invocations=1395 (full 353):
 PSYoungGen      total 652288K, used 651968K [0x00000000d5580000, 0x0000000100000000, 0x0000000100000000)
  eden space 605696K, 100% used [0x00000000d5580000,0x00000000fa500000,0x00000000fa500000)
  from space 46592K, 99% used [0x00000000fa500000,0x00000000fd230000,0x00000000fd280000)
  to   space 46592K, 0% used [0x00000000fd280000,0x00000000fd280000,0x0000000100000000)
 ParOldGen       total 957440K, used 948495K [0x0000000080000000, 0x00000000ba700000, 0x00000000d5580000)
  object space 957440K, 99% used [0x0000000080000000,0x00000000b9e43e10,0x00000000ba700000)
 Metaspace       used 119844K, capacity 130338K, committed 131416K, reserved 1161216K
  class space    used 16034K, capacity 19045K, committed 19328K, reserved 1048576K
Event: 25684,146 GC heap after
Heap after GC invocations=1395 (full 353):
 PSYoungGen      total 652288K, used 46304K [0x00000000d5580000, 0x0000000100000000, 0x0000000100000000)
  eden space 605696K, 0% used [0x00000000d5580000,0x00000000d5580000,0x00000000fa500000)
  from space 46592K, 99% used [0x00000000fd280000,0x00000000fffb8000,0x0000000100000000)
  to   space 46592K, 0% used [0x00000000fa500000,0x00000000fa500000,0x00000000fd280000)
 ParOldGen       total 957440K, used 951591K [0x0000000080000000, 0x00000000ba700000, 0x00000000d5580000)
  object space 957440K, 99% used [0x0000000080000000,0x00000000ba149e10,0x00000000ba700000)
 Metaspace       used 119844K, capacity 130338K, committed 131416K, reserved 1161216K
  class space    used 16034K, capacity 19045K, committed 19328K, reserved 1048576K
}
Event: 25685,633 GC heap before
{Heap before GC invocations=1396 (full 353):
 PSYoungGen      total 652288K, used 652000K [0x00000000d5580000, 0x0000000100000000, 0x0000000100000000)
  eden space 605696K, 100% used [0x00000000d5580000,0x00000000fa500000,0x00000000fa500000)
  from space 46592K, 99% used [0x00000000fd280000,0x00000000fffb8000,0x0000000100000000)
  to   space 46592K, 0% used [0x00000000fa500000,0x00000000fa500000,0x00000000fd280000)
 ParOldGen       total 957440K, used 951591K [0x0000000080000000, 0x00000000ba700000, 0x00000000d5580000)
  object space 957440K, 99% used [0x0000000080000000,0x00000000ba149e10,0x00000000ba700000)
 Metaspace       used 119844K, capacity 130338K, committed 131416K, reserved 1161216K
  class space    used 16034K, capacity 19045K, committed 19328K, reserved 1048576K
Event: 25685,687 GC heap after
Heap after GC invocations=1396 (full 353):
 PSYoungGen      total 652288K, used 46272K [0x00000000d5580000, 0x0000000100000000, 0x0000000100000000)
  eden space 605696K, 0% used [0x00000000d5580000,0x00000000d5580000,0x00000000fa500000)
  from space 46592K, 99% used [0x00000000fa500000,0x00000000fd230000,0x00000000fd280000)
  to   space 46592K, 0% used [0x00000000fd280000,0x00000000fd280000,0x0000000100000000)
 ParOldGen       total 957440K, used 954695K [0x0000000080000000, 0x00000000ba700000, 0x00000000d5580000)
  object space 957440K, 99% used [0x0000000080000000,0x00000000ba451e10,0x00000000ba700000)
 Metaspace       used 119844K, capacity 130338K, committed 131416K, reserved 1161216K
  class space    used 16034K, capacity 19045K, committed 19328K, reserved 1048576K
}
Event: 25685,687 GC heap before
{Heap before GC invocations=1397 (full 354):
 PSYoungGen      total 652288K, used 46272K [0x00000000d5580000, 0x0000000100000000, 0x0000000100000000)
  eden space 605696K, 0% used [0x00000000d5580000,0x00000000d5580000,0x00000000fa500000)
  from space 46592K, 99% used [0x00000000fa500000,0x00000000fd230000,0x00000000fd280000)
  to   space 46592K, 0% used [0x00000000fd280000,0x00000000fd280000,0x0000000100000000)
 ParOldGen       total 957440K, used 954695K [0x0000000080000000, 0x00000000ba700000, 0x00000000d5580000)
  object space 957440K, 99% used [0x0000000080000000,0x00000000ba451e10,0x00000000ba700000)
 Metaspace       used 119844K, capacity 130338K, committed 131416K, reserved 1161216K
  class space    used 16034K, capacity 19045K, committed 19328K, reserved 1048576K

